app/build/intermediates/manifest_merge_blame_file/debug/manifest-merger-blame-debug-report.txt
1<?xml version="1.0" encoding="utf-8"?>
2<manifest xmlns:android="http://schemas.android.com/apk/res/android"
3    package="com.sanson.dotdash"
4    android:versionCode="18"
5    android:versionName="1.3.0alpha" >
6
7    <uses-sdk
8        android:minSdkVersion="14"
8-->src/main/AndroidManifest.xml
9        android:targetSdkVersion="28" />
9-->src/main/AndroidManifest.xml
10
11    <application
11-->src/main/AndroidManifest.xml:8:5-35:23
12        android:allowBackup="true"
12-->src/main/AndroidManifest.xml:11:9-35
13        android:debuggable="true"
14        android:icon="@drawable/download"
14-->src/main/AndroidManifest.xml:10:9-42
15        android:installLocation="internalOnly"
15-->src/main/AndroidManifest.xml:12:9-47
16        android:label="@string/app_name"
16-->src/main/AndroidManifest.xml:9:9-41
17        android:testOnly="true" >
18        <service
18-->src/main/AndroidManifest.xml:14:9-24:19
19            android:name="com.sanson.dotdash.DotDashIMEService"
19-->src/main/AndroidManifest.xml:15:13-64
20            android:permission="android.permission.BIND_INPUT_METHOD" >
20-->src/main/AndroidManifest.xml:16:13-70
21            <intent-filter>
21-->src/main/AndroidManifest.xml:18:13-20:29
22                <action android:name="android.view.InputMethod" />
22-->src/main/AndroidManifest.xml:19:17-67
22-->src/main/AndroidManifest.xml:19:25-64
23            </intent-filter>
24
25            <meta-data
25-->src/main/AndroidManifest.xml:21:13-23:50
26                android:name="android.view.im"
26-->src/main/AndroidManifest.xml:22:17-47
27                android:resource="@xml/method" />
27-->src/main/AndroidManifest.xml:23:17-47
28        </service>
29
30        <activity
30-->src/main/AndroidManifest.xml:25:9-34:20
31            android:name="com.sanson.dotdash.DotDashPrefs"
31-->src/main/AndroidManifest.xml:27:13-59
32            android:label="@string/app_name"
32-->src/main/AndroidManifest.xml:26:13-45
33            android:theme="@style/PrefsTheme" >
33-->src/main/AndroidManifest.xml:28:13-46
34            <intent-filter>
34-->src/main/AndroidManifest.xml:30:14-33:29
35                <action android:name="android.intent.action.MAIN" />
35-->src/main/AndroidManifest.xml:31:17-69
35-->src/main/AndroidManifest.xml:31:25-66
36
37                <category android:name="android.intent.category.LAUNCHER" />
37-->src/main/AndroidManifest.xml:32:17-77
37-->src/main/AndroidManifest.xml:32:27-74
38            </intent-filter>
39        </activity>
40    </application>
41
42</manifest>